# JRE version: OpenJDK Runtime Environment Temurin-17.0.3+7 (17.0.3+7) (build 17.0.3+7)
# Java VM: OpenJDK 64-Bit Server VM Temurin-17.0.3+7 (17.0.3+7, mixed mode, tiered, compressed oops, compressed class ptrs, parallel gc, linux-amd64)
GC Precious Log:
 CPUs: 4 total, 4 available
 Memory: 7949M
 Large Page Support: Disabled
 NUMA Support: Disabled
 Compressed Oops: Enabled (32-bit)
 Alignments: Space 512K, Generation 512K, Heap 2M
 Heap Min Capacity: 100M
 Heap Initial Capacity: 100M
 Heap Max Capacity: 1G
 Pre-touch: Disabled
 Parallel Workers: 4
Heap:
 PSYoungGen      total 18432K, used 7247K [0x00000000eab00000, 0x00000000ec400000, 0x0000000100000000)
  eden space 11264K, 4% used [0x00000000eab00000,0x00000000eab753f8,0x00000000eb600000)
  from space 7168K, 94% used [0x00000000ebd00000,0x00000000ec39e948,0x00000000ec400000)
  to   space 7168K, 0% used [0x00000000eb600000,0x00000000eb600000,0x00000000ebd00000)
 ParOldGen       total 118272K, used 98168K [0x00000000c0000000, 0x00000000c7380000, 0x00000000eab00000)
  object space 118272K, 83% used [0x00000000c0000000,0x00000000c5fde058,0x00000000c7380000)
 Metaspace       used 69439K, committed 70592K, reserved 1114112K
  class space    used 7391K, committed 7872K, reserved 1048576K
GC Heap History (20 events):
Event: 40.519 GC heap before
{Heap before GC invocations=52 (full 5):
 PSYoungGen      total 16384K, used 13824K [0x00000000eab00000, 0x00000000ebd80000, 0x0000000100000000)
  eden space 13824K, 100% used [0x00000000eab00000,0x00000000eb880000,0x00000000eb880000)
  from space 2560K, 0% used [0x00000000ebb00000,0x00000000ebb00000,0x00000000ebd80000)
  to   space 2560K, 0% used [0x00000000eb880000,0x00000000eb880000,0x00000000ebb00000)
 ParOldGen       total 118272K, used 90407K [0x00000000c0000000, 0x00000000c7380000, 0x00000000eab00000)
  object space 118272K, 76% used [0x00000000c0000000,0x00000000c5849f10,0x00000000c7380000)
 Metaspace       used 67158K, committed 68224K, reserved 1114112K
  class space    used 7232K, committed 7680K, reserved 1048576K
}
Event: 40.528 GC heap after
{Heap after GC invocations=52 (full 5):
 PSYoungGen      total 15872K, used 1664K [0x00000000eab00000, 0x00000000ebc80000, 0x0000000100000000)
  eden space 13824K, 0% used [0x00000000eab00000,0x00000000eab00000,0x00000000eb880000)
  from space 2048K, 81% used [0x00000000eb880000,0x00000000eba20020,0x00000000eba80000)
  to   space 2048K, 0% used [0x00000000eba80000,0x00000000eba80000,0x00000000ebc80000)
 ParOldGen       total 118272K, used 90415K [0x00000000c0000000, 0x00000000c7380000, 0x00000000eab00000)
  object space 118272K, 76% used [0x00000000c0000000,0x00000000c584bf10,0x00000000c7380000)
 Metaspace       used 67158K, committed 68224K, reserved 1114112K
  class space    used 7232K, committed 7680K, reserved 1048576K
}
Event: 41.033 GC heap before
{Heap before GC invocations=53 (full 5):
 PSYoungGen      total 15872K, used 15488K [0x00000000eab00000, 0x00000000ebc80000, 0x0000000100000000)
  eden space 13824K, 100% used [0x00000000eab00000,0x00000000eb880000,0x00000000eb880000)
  from space 2048K, 81% used [0x00000000eb880000,0x00000000eba20020,0x00000000eba80000)
  to   space 2048K, 0% used [0x00000000eba80000,0x00000000eba80000,0x00000000ebc80000)
 ParOldGen       total 118272K, used 90415K [0x00000000c0000000, 0x00000000c7380000, 0x00000000eab00000)
  object space 118272K, 76% used [0x00000000c0000000,0x00000000c584bf10,0x00000000c7380000)
 Metaspace       used 67332K, committed 68416K, reserved 1114112K
  class space    used 7235K, committed 7680K, reserved 1048576K
}
Event: 41.043 GC heap after
{Heap after GC invocations=53 (full 5):
 PSYoungGen      total 14336K, used 2048K [0x00000000eab00000, 0x00000000ebf80000, 0x0000000100000000)
  eden space 12288K, 0% used [0x00000000eab00000,0x00000000eab00000,0x00000000eb700000)
  from space 2048K, 100% used [0x00000000eba80000,0x00000000ebc80000,0x00000000ebc80000)
  to   space 3584K, 0% used [0x00000000eb700000,0x00000000eb700000,0x00000000eba80000)
 ParOldGen       total 118272K, used 91394K [0x00000000c0000000, 0x00000000c7380000, 0x00000000eab00000)
  object space 118272K, 77% used [0x00000000c0000000,0x00000000c5940890,0x00000000c7380000)
 Metaspace       used 67332K, committed 68416K, reserved 1114112K
  class space    used 7235K, committed 7680K, reserved 1048576K
}
Event: 41.193 GC heap before
{Heap before GC invocations=54 (full 5):
 PSYoungGen      total 14336K, used 14336K [0x00000000eab00000, 0x00000000ebf80000, 0x0000000100000000)
  eden space 12288K, 100% used [0x00000000eab00000,0x00000000eb700000,0x00000000eb700000)
  from space 2048K, 100% used [0x00000000eba80000,0x00000000ebc80000,0x00000000ebc80000)
  to   space 3584K, 0% used [0x00000000eb700000,0x00000000eb700000,0x00000000eba80000)
 ParOldGen       total 118272K, used 91394K [0x00000000c0000000, 0x00000000c7380000, 0x00000000eab00000)
  object space 118272K, 77% used [0x00000000c0000000,0x00000000c5940890,0x00000000c7380000)
 Metaspace       used 67416K, committed 68480K, reserved 1114112K
  class space    used 7235K, committed 7680K, reserved 1048576K
}
Event: 41.205 GC heap after
{Heap after GC invocations=54 (full 5):
 PSYoungGen      total 14336K, used 1984K [0x00000000eab00000, 0x00000000ebc00000, 0x0000000100000000)
  eden space 12288K, 0% used [0x00000000eab00000,0x00000000eab00000,0x00000000eb700000)
  from space 2048K, 96% used [0x00000000eb700000,0x00000000eb8f0000,0x00000000eb900000)
  to   space 2560K, 0% used [0x00000000eb980000,0x00000000eb980000,0x00000000ebc00000)
 ParOldGen       total 118272K, used 92342K [0x00000000c0000000, 0x00000000c7380000, 0x00000000eab00000)
  object space 118272K, 78% used [0x00000000c0000000,0x00000000c5a2d8a0,0x00000000c7380000)
 Metaspace       used 67416K, committed 68480K, reserved 1114112K
  class space    used 7235K, committed 7680K, reserved 1048576K
}
Event: 41.531 GC heap before
{Heap before GC invocations=55 (full 5):
 PSYoungGen      total 14336K, used 14272K [0x00000000eab00000, 0x00000000ebc00000, 0x0000000100000000)
  eden space 12288K, 100% used [0x00000000eab00000,0x00000000eb700000,0x00000000eb700000)
  from space 2048K, 96% used [0x00000000eb700000,0x00000000eb8f0000,0x00000000eb900000)
  to   space 2560K, 0% used [0x00000000eb980000,0x00000000eb980000,0x00000000ebc00000)
 ParOldGen       total 118272K, used 92342K [0x00000000c0000000, 0x00000000c7380000, 0x00000000eab00000)
  object space 118272K, 78% used [0x00000000c0000000,0x00000000c5a2d8a0,0x00000000c7380000)
 Metaspace       used 67668K, committed 68736K, reserved 1114112K
  class space    used 7259K, committed 7680K, reserved 1048576K
}
Event: 41.535 GC heap after
{Heap after GC invocations=55 (full 5):
 PSYoungGen      total 13824K, used 2560K [0x00000000eab00000, 0x00000000ebe00000, 0x0000000100000000)
  eden space 11264K, 0% used [0x00000000eab00000,0x00000000eab00000,0x00000000eb600000)
  from space 2560K, 100% used [0x00000000eb980000,0x00000000ebc00000,0x00000000ebc00000)
  to   space 3584K, 0% used [0x00000000eb600000,0x00000000eb600000,0x00000000eb980000)
 ParOldGen       total 118272K, used 92718K [0x00000000c0000000, 0x00000000c7380000, 0x00000000eab00000)
  object space 118272K, 78% used [0x00000000c0000000,0x00000000c5a8b8a0,0x00000000c7380000)
 Metaspace       used 67668K, committed 68736K, reserved 1114112K
  class space    used 7259K, committed 7680K, reserved 1048576K
}
Event: 41.766 GC heap before
{Heap before GC invocations=56 (full 5):
 PSYoungGen      total 13824K, used 13824K [0x00000000eab00000, 0x00000000ebe00000, 0x0000000100000000)
  eden space 11264K, 100% used [0x00000000eab00000,0x00000000eb600000,0x00000000eb600000)
  from space 2560K, 100% used [0x00000000eb980000,0x00000000ebc00000,0x00000000ebc00000)
  to   space 3584K, 0% used [0x00000000eb600000,0x00000000eb600000,0x00000000eb980000)
 ParOldGen       total 118272K, used 92718K [0x00000000c0000000, 0x00000000c7380000, 0x00000000eab00000)
  object space 118272K, 78% used [0x00000000c0000000,0x00000000c5a8b8a0,0x00000000c7380000)
 Metaspace       used 67743K, committed 68800K, reserved 1114112K
  class space    used 7262K, committed 7680K, reserved 1048576K
}
Event: 41.772 GC heap after
{Heap after GC invocations=56 (full 5):
 PSYoungGen      total 13312K, used 1856K [0x00000000eab00000, 0x00000000ebb00000, 0x0000000100000000)
  eden space 11264K, 0% used [0x00000000eab00000,0x00000000eab00000,0x00000000eb600000)
  from space 2048K, 90% used [0x00000000eb600000,0x00000000eb7d0000,0x00000000eb800000)
  to   space 2560K, 0% used [0x00000000eb880000,0x00000000eb880000,0x00000000ebb00000)
 ParOldGen       total 118272K, used 94335K [0x00000000c0000000, 0x00000000c7380000, 0x00000000eab00000)
  object space 118272K, 79% used [0x00000000c0000000,0x00000000c5c1fcb0,0x00000000c7380000)
 Metaspace       used 67743K, committed 68800K, reserved 1114112K
  class space    used 7262K, committed 7680K, reserved 1048576K
}
Event: 41.971 GC heap before
{Heap before GC invocations=57 (full 5):
 PSYoungGen      total 13312K, used 13120K [0x00000000eab00000, 0x00000000ebb00000, 0x0000000100000000)
  eden space 11264K, 100% used [0x00000000eab00000,0x00000000eb600000,0x00000000eb600000)
  from space 2048K, 90% used [0x00000000eb600000,0x00000000eb7d0000,0x00000000eb800000)
  to   space 2560K, 0% used [0x00000000eb880000,0x00000000eb880000,0x00000000ebb00000)
 ParOldGen       total 118272K, used 94335K [0x00000000c0000000, 0x00000000c7380000, 0x00000000eab00000)
  object space 118272K, 79% used [0x00000000c0000000,0x00000000c5c1fcb0,0x00000000c7380000)
 Metaspace       used 67868K, committed 68864K, reserved 1114112K
  class space    used 7264K, committed 7680K, reserved 1048576K
}
Event: 41.977 GC heap after
{Heap after GC invocations=57 (full 5):
 PSYoungGen      total 13824K, used 2432K [0x00000000eab00000, 0x00000000ebb00000, 0x0000000100000000)
  eden space 11264K, 0% used [0x00000000eab00000,0x00000000eab00000,0x00000000eb600000)
  from space 2560K, 95% used [0x00000000eb880000,0x00000000ebae0000,0x00000000ebb00000)
  to   space 2560K, 0% used [0x00000000eb600000,0x00000000eb600000,0x00000000eb880000)
 ParOldGen       total 118272K, used 94343K [0x00000000c0000000, 0x00000000c7380000, 0x00000000eab00000)
  object space 118272K, 79% used [0x00000000c0000000,0x00000000c5c21cb0,0x00000000c7380000)
 Metaspace       used 67868K, committed 68864K, reserved 1114112K
  class space    used 7264K, committed 7680K, reserved 1048576K
}
Event: 42.149 GC heap before
{Heap before GC invocations=58 (full 5):
 PSYoungGen      total 13824K, used 13650K [0x00000000eab00000, 0x00000000ebb00000, 0x0000000100000000)
  eden space 11264K, 99% used [0x00000000eab00000,0x00000000eb5f4b08,0x00000000eb600000)
  from space 2560K, 95% used [0x00000000eb880000,0x00000000ebae0000,0x00000000ebb00000)
  to   space 2560K, 0% used [0x00000000eb600000,0x00000000eb600000,0x00000000eb880000)
 ParOldGen       total 118272K, used 94343K [0x00000000c0000000, 0x00000000c7380000, 0x00000000eab00000)
  object space 118272K, 79% used [0x00000000c0000000,0x00000000c5c21cb0,0x00000000c7380000)
 Metaspace       used 68277K, committed 69376K, reserved 1114112K
  class space    used 7293K, committed 7744K, reserved 1048576K
}
Event: 42.152 GC heap after
{Heap after GC invocations=58 (full 5):
 PSYoungGen      total 13824K, used 2272K [0x00000000eab00000, 0x00000000ebb00000, 0x0000000100000000)
  eden space 11264K, 0% used [0x00000000eab00000,0x00000000eab00000,0x00000000eb600000)
  from space 2560K, 88% used [0x00000000eb600000,0x00000000eb838000,0x00000000eb880000)
  to   space 2560K, 0% used [0x00000000eb880000,0x00000000eb880000,0x00000000ebb00000)
 ParOldGen       total 118272K, used 94343K [0x00000000c0000000, 0x00000000c7380000, 0x00000000eab00000)
  object space 118272K, 79% used [0x00000000c0000000,0x00000000c5c21cb0,0x00000000c7380000)
 Metaspace       used 68277K, committed 69376K, reserved 1114112K
  class space    used 7293K, committed 7744K, reserved 1048576K
}
Event: 42.417 GC heap before
{Heap before GC invocations=59 (full 5):
 PSYoungGen      total 13824K, used 13536K [0x00000000eab00000, 0x00000000ebb00000, 0x0000000100000000)
  eden space 11264K, 100% used [0x00000000eab00000,0x00000000eb600000,0x00000000eb600000)
  from space 2560K, 88% used [0x00000000eb600000,0x00000000eb838000,0x00000000eb880000)
  to   space 2560K, 0% used [0x00000000eb880000,0x00000000eb880000,0x00000000ebb00000)
 ParOldGen       total 118272K, used 94343K [0x00000000c0000000, 0x00000000c7380000, 0x00000000eab00000)
  object space 118272K, 79% used [0x00000000c0000000,0x00000000c5c21cb0,0x00000000c7380000)
 Metaspace       used 68352K, committed 69440K, reserved 1114112K
  class space    used 7297K, committed 7744K, reserved 1048576K
}
Event: 42.420 GC heap after
{Heap after GC invocations=59 (full 5):
 PSYoungGen      total 13824K, used 2208K [0x00000000eab00000, 0x00000000ebb00000, 0x0000000100000000)
  eden space 11264K, 0% used [0x00000000eab00000,0x00000000eab00000,0x00000000eb600000)
  from space 2560K, 86% used [0x00000000eb880000,0x00000000ebaa8000,0x00000000ebb00000)
  to   space 2560K, 0% used [0x00000000eb600000,0x00000000eb600000,0x00000000eb880000)
 ParOldGen       total 118272K, used 94351K [0x00000000c0000000, 0x00000000c7380000, 0x00000000eab00000)
  object space 118272K, 79% used [0x00000000c0000000,0x00000000c5c23cb0,0x00000000c7380000)
 Metaspace       used 68352K, committed 69440K, reserved 1114112K
  class space    used 7297K, committed 7744K, reserved 1048576K
}
Event: 1075.341 GC heap before
{Heap before GC invocations=60 (full 5):
 PSYoungGen      total 13824K, used 13471K [0x00000000eab00000, 0x00000000ebb00000, 0x0000000100000000)
  eden space 11264K, 99% used [0x00000000eab00000,0x00000000eb5fff88,0x00000000eb600000)
  from space 2560K, 86% used [0x00000000eb880000,0x00000000ebaa8000,0x00000000ebb00000)
  to   space 2560K, 0% used [0x00000000eb600000,0x00000000eb600000,0x00000000eb880000)
 ParOldGen       total 118272K, used 94351K [0x00000000c0000000, 0x00000000c7380000, 0x00000000eab00000)
  object space 118272K, 79% used [0x00000000c0000000,0x00000000c5c23cb0,0x00000000c7380000)
 Metaspace       used 68910K, committed 70080K, reserved 1114112K
  class space    used 7358K, committed 7872K, reserved 1048576K
}
Event: 1075.369 GC heap after
{Heap after GC invocations=60 (full 5):
 PSYoungGen      total 13824K, used 2554K [0x00000000eab00000, 0x00000000ec400000, 0x0000000100000000)
  eden space 11264K, 0% used [0x00000000eab00000,0x00000000eab00000,0x00000000eb600000)
  from space 2560K, 99% used [0x00000000eb600000,0x00000000eb87e948,0x00000000eb880000)
  to   space 7168K, 0% used [0x00000000ebd00000,0x00000000ebd00000,0x00000000ec400000)
 ParOldGen       total 118272K, used 98120K [0x00000000c0000000, 0x00000000c7380000, 0x00000000eab00000)
  object space 118272K, 82% used [0x00000000c0000000,0x00000000c5fd2058,0x00000000c7380000)
 Metaspace       used 68910K, committed 70080K, reserved 1114112K
  class space    used 7358K, committed 7872K, reserved 1048576K
}
Event: 1297.777 GC heap before
{Heap before GC invocations=61 (full 5):
 PSYoungGen      total 13824K, used 13818K [0x00000000eab00000, 0x00000000ec400000, 0x0000000100000000)
  eden space 11264K, 100% used [0x00000000eab00000,0x00000000eb600000,0x00000000eb600000)
  from space 2560K, 99% used [0x00000000eb600000,0x00000000eb87e948,0x00000000eb880000)
  to   space 7168K, 0% used [0x00000000ebd00000,0x00000000ebd00000,0x00000000ec400000)
 ParOldGen       total 118272K, used 98120K [0x00000000c0000000, 0x00000000c7380000, 0x00000000eab00000)
  object space 118272K, 82% used [0x00000000c0000000,0x00000000c5fd2058,0x00000000c7380000)
 Metaspace       used 69374K, committed 70528K, reserved 1114112K
  class space    used 7386K, committed 7872K, reserved 1048576K
}
Event: 1297.788 GC heap after
{Heap after GC invocations=61 (full 5):
 PSYoungGen      total 18432K, used 6778K [0x00000000eab00000, 0x00000000ec400000, 0x0000000100000000)
  eden space 11264K, 0% used [0x00000000eab00000,0x00000000eab00000,0x00000000eb600000)
  from space 7168K, 94% used [0x00000000ebd00000,0x00000000ec39e948,0x00000000ec400000)
  to   space 7168K, 0% used [0x00000000eb600000,0x00000000eb600000,0x00000000ebd00000)
 ParOldGen       total 118272K, used 98168K [0x00000000c0000000, 0x00000000c7380000, 0x00000000eab00000)
  object space 118272K, 83% used [0x00000000c0000000,0x00000000c5fde058,0x00000000c7380000)
 Metaspace       used 69374K, committed 70528K, reserved 1114112K
  class space    used 7386K, committed 7872K, reserved 1048576K
}

